<?xml version="1.0" encoding="UTF-8"?>
<!-- Generated by org.testng.reporters.JUnitXMLReporter -->
<testsuite ignored="0" hostname="RC-PC" failures="1" tests="2" name="Bankingapp Test" time="9.504" errors="0" timestamp="08 Sep 2020 23:19:37 GMT">
  <testcase classname="com.banking.testcases.TC_LoginDDT_002" name="loginDDT" time="4.719"/>
  <testcase classname="com.banking.testcases.TC_LoginDDT_002" name="loginDDT" time="5.477">
    <failure type="java.lang.NullPointerException">
      <![CDATA[java.lang.NullPointerException
at com.banking.utilities.Reporting.onTestSuccess(Reporting.java:47)
... Removed 22 stack frames]]>
    </failure>
  </testcase> <!-- loginDDT -->
</testsuite> <!-- Bankingapp Test -->
